<?xml version="1.0" encoding="UTF-8"?>
<testsuite xmlns:xsi="http://www.w3.org/2001/XMLSchema-instance" xsi:noNamespaceSchemaLocation="https://maven.apache.org/surefire/maven-surefire-plugin/xsd/surefire-test-report.xsd" name="io.pivotal.pa.pks.poc.DemoApplicationTests" time="25.27" tests="1" errors="1" skipped="0" failures="0">
  <properties>
    <property name="gopherProxySet" value="false"/>
    <property name="awt.toolkit" value="sun.lwawt.macosx.LWCToolkit"/>
    <property name="file.encoding.pkg" value="sun.io"/>
    <property name="java.specification.version" value="1.8"/>
    <property name="sun.cpu.isalist" value=""/>
    <property name="sun.jnu.encoding" value="UTF-8"/>
    <property name="java.class.path" value="/Users/rrajaram/kafkastreamsws/demo/target/test-classes:/Users/rrajaram/kafkastreamsws/demo/target/classes:/Users/rrajaram/.m2/repository/org/springframework/boot/spring-boot-starter-web/2.1.2.RELEASE/spring-boot-starter-web-2.1.2.RELEASE.jar:/Users/rrajaram/.m2/repository/org/springframework/boot/spring-boot-starter/2.1.2.RELEASE/spring-boot-starter-2.1.2.RELEASE.jar:/Users/rrajaram/.m2/repository/org/springframework/boot/spring-boot/2.1.2.RELEASE/spring-boot-2.1.2.RELEASE.jar:/Users/rrajaram/.m2/repository/org/springframework/boot/spring-boot-starter-logging/2.1.2.RELEASE/spring-boot-starter-logging-2.1.2.RELEASE.jar:/Users/rrajaram/.m2/repository/ch/qos/logback/logback-classic/1.2.3/logback-classic-1.2.3.jar:/Users/rrajaram/.m2/repository/ch/qos/logback/logback-core/1.2.3/logback-core-1.2.3.jar:/Users/rrajaram/.m2/repository/org/apache/logging/log4j/log4j-to-slf4j/2.11.1/log4j-to-slf4j-2.11.1.jar:/Users/rrajaram/.m2/repository/org/apache/logging/log4j/log4j-api/2.11.1/log4j-api-2.11.1.jar:/Users/rrajaram/.m2/repository/org/slf4j/jul-to-slf4j/1.7.25/jul-to-slf4j-1.7.25.jar:/Users/rrajaram/.m2/repository/org/yaml/snakeyaml/1.23/snakeyaml-1.23.jar:/Users/rrajaram/.m2/repository/org/springframework/boot/spring-boot-starter-json/2.1.2.RELEASE/spring-boot-starter-json-2.1.2.RELEASE.jar:/Users/rrajaram/.m2/repository/com/fasterxml/jackson/core/jackson-databind/2.9.8/jackson-databind-2.9.8.jar:/Users/rrajaram/.m2/repository/com/fasterxml/jackson/core/jackson-annotations/2.9.0/jackson-annotations-2.9.0.jar:/Users/rrajaram/.m2/repository/com/fasterxml/jackson/core/jackson-core/2.9.8/jackson-core-2.9.8.jar:/Users/rrajaram/.m2/repository/com/fasterxml/jackson/datatype/jackson-datatype-jdk8/2.9.8/jackson-datatype-jdk8-2.9.8.jar:/Users/rrajaram/.m2/repository/com/fasterxml/jackson/datatype/jackson-datatype-jsr310/2.9.8/jackson-datatype-jsr310-2.9.8.jar:/Users/rrajaram/.m2/repository/com/fasterxml/jackson/module/jackson-module-parameter-names/2.9.8/jackson-module-parameter-names-2.9.8.jar:/Users/rrajaram/.m2/repository/org/hibernate/validator/hibernate-validator/6.0.14.Final/hibernate-validator-6.0.14.Final.jar:/Users/rrajaram/.m2/repository/javax/validation/validation-api/2.0.1.Final/validation-api-2.0.1.Final.jar:/Users/rrajaram/.m2/repository/org/jboss/logging/jboss-logging/3.3.2.Final/jboss-logging-3.3.2.Final.jar:/Users/rrajaram/.m2/repository/com/fasterxml/classmate/1.4.0/classmate-1.4.0.jar:/Users/rrajaram/.m2/repository/org/springframework/spring-web/5.1.4.RELEASE/spring-web-5.1.4.RELEASE.jar:/Users/rrajaram/.m2/repository/org/springframework/spring-beans/5.1.4.RELEASE/spring-beans-5.1.4.RELEASE.jar:/Users/rrajaram/.m2/repository/org/springframework/spring-webmvc/5.1.4.RELEASE/spring-webmvc-5.1.4.RELEASE.jar:/Users/rrajaram/.m2/repository/org/springframework/spring-aop/5.1.4.RELEASE/spring-aop-5.1.4.RELEASE.jar:/Users/rrajaram/.m2/repository/org/springframework/spring-expression/5.1.4.RELEASE/spring-expression-5.1.4.RELEASE.jar:/Users/rrajaram/.m2/repository/org/springframework/boot/spring-boot-starter-tomcat/2.1.2.RELEASE/spring-boot-starter-tomcat-2.1.2.RELEASE.jar:/Users/rrajaram/.m2/repository/javax/annotation/javax.annotation-api/1.3.2/javax.annotation-api-1.3.2.jar:/Users/rrajaram/.m2/repository/org/apache/tomcat/embed/tomcat-embed-core/9.0.14/tomcat-embed-core-9.0.14.jar:/Users/rrajaram/.m2/repository/org/apache/tomcat/embed/tomcat-embed-el/9.0.14/tomcat-embed-el-9.0.14.jar:/Users/rrajaram/.m2/repository/org/apache/tomcat/embed/tomcat-embed-websocket/9.0.14/tomcat-embed-websocket-9.0.14.jar:/Users/rrajaram/.m2/repository/org/springframework/boot/spring-boot-starter-actuator/2.1.2.RELEASE/spring-boot-starter-actuator-2.1.2.RELEASE.jar:/Users/rrajaram/.m2/repository/org/springframework/boot/spring-boot-actuator-autoconfigure/2.1.2.RELEASE/spring-boot-actuator-autoconfigure-2.1.2.RELEASE.jar:/Users/rrajaram/.m2/repository/org/springframework/boot/spring-boot-actuator/2.1.2.RELEASE/spring-boot-actuator-2.1.2.RELEASE.jar:/Users/rrajaram/.m2/repository/io/micrometer/micrometer-core/1.1.2/micrometer-core-1.1.2.jar:/Users/rrajaram/.m2/repository/org/hdrhistogram/HdrHistogram/2.1.9/HdrHistogram-2.1.9.jar:/Users/rrajaram/.m2/repository/org/latencyutils/LatencyUtils/2.0.3/LatencyUtils-2.0.3.jar:/Users/rrajaram/.m2/repository/org/projectlombok/lombok/1.18.4/lombok-1.18.4.jar:/Users/rrajaram/.m2/repository/org/springframework/boot/spring-boot-starter-test/2.1.2.RELEASE/spring-boot-starter-test-2.1.2.RELEASE.jar:/Users/rrajaram/.m2/repository/org/springframework/boot/spring-boot-test/2.1.2.RELEASE/spring-boot-test-2.1.2.RELEASE.jar:/Users/rrajaram/.m2/repository/org/springframework/boot/spring-boot-test-autoconfigure/2.1.2.RELEASE/spring-boot-test-autoconfigure-2.1.2.RELEASE.jar:/Users/rrajaram/.m2/repository/com/jayway/jsonpath/json-path/2.4.0/json-path-2.4.0.jar:/Users/rrajaram/.m2/repository/net/minidev/json-smart/2.3/json-smart-2.3.jar:/Users/rrajaram/.m2/repository/net/minidev/accessors-smart/1.2/accessors-smart-1.2.jar:/Users/rrajaram/.m2/repository/org/ow2/asm/asm/5.0.4/asm-5.0.4.jar:/Users/rrajaram/.m2/repository/org/slf4j/slf4j-api/1.7.25/slf4j-api-1.7.25.jar:/Users/rrajaram/.m2/repository/junit/junit/4.12/junit-4.12.jar:/Users/rrajaram/.m2/repository/org/assertj/assertj-core/3.11.1/assertj-core-3.11.1.jar:/Users/rrajaram/.m2/repository/org/mockito/mockito-core/2.23.4/mockito-core-2.23.4.jar:/Users/rrajaram/.m2/repository/net/bytebuddy/byte-buddy/1.9.7/byte-buddy-1.9.7.jar:/Users/rrajaram/.m2/repository/net/bytebuddy/byte-buddy-agent/1.9.7/byte-buddy-agent-1.9.7.jar:/Users/rrajaram/.m2/repository/org/objenesis/objenesis/2.6/objenesis-2.6.jar:/Users/rrajaram/.m2/repository/org/hamcrest/hamcrest-core/1.3/hamcrest-core-1.3.jar:/Users/rrajaram/.m2/repository/org/hamcrest/hamcrest-library/1.3/hamcrest-library-1.3.jar:/Users/rrajaram/.m2/repository/org/skyscreamer/jsonassert/1.5.0/jsonassert-1.5.0.jar:/Users/rrajaram/.m2/repository/com/vaadin/external/google/android-json/0.0.20131108.vaadin1/android-json-0.0.20131108.vaadin1.jar:/Users/rrajaram/.m2/repository/org/springframework/spring-core/5.1.4.RELEASE/spring-core-5.1.4.RELEASE.jar:/Users/rrajaram/.m2/repository/org/springframework/spring-jcl/5.1.4.RELEASE/spring-jcl-5.1.4.RELEASE.jar:/Users/rrajaram/.m2/repository/org/springframework/spring-test/5.1.4.RELEASE/spring-test-5.1.4.RELEASE.jar:/Users/rrajaram/.m2/repository/org/xmlunit/xmlunit-core/2.6.2/xmlunit-core-2.6.2.jar:/Users/rrajaram/.m2/repository/org/springframework/boot/spring-boot-starter-data-cassandra/2.1.2.RELEASE/spring-boot-starter-data-cassandra-2.1.2.RELEASE.jar:/Users/rrajaram/.m2/repository/org/springframework/spring-tx/5.1.4.RELEASE/spring-tx-5.1.4.RELEASE.jar:/Users/rrajaram/.m2/repository/org/springframework/data/spring-data-cassandra/2.1.4.RELEASE/spring-data-cassandra-2.1.4.RELEASE.jar:/Users/rrajaram/.m2/repository/org/springframework/data/spring-data-commons/2.1.4.RELEASE/spring-data-commons-2.1.4.RELEASE.jar:/Users/rrajaram/.m2/repository/com/datastax/cassandra/cassandra-driver-core/3.6.0/cassandra-driver-core-3.6.0.jar:/Users/rrajaram/.m2/repository/io/netty/netty-handler/4.1.31.Final/netty-handler-4.1.31.Final.jar:/Users/rrajaram/.m2/repository/io/netty/netty-buffer/4.1.31.Final/netty-buffer-4.1.31.Final.jar:/Users/rrajaram/.m2/repository/io/netty/netty-common/4.1.31.Final/netty-common-4.1.31.Final.jar:/Users/rrajaram/.m2/repository/io/netty/netty-transport/4.1.31.Final/netty-transport-4.1.31.Final.jar:/Users/rrajaram/.m2/repository/io/netty/netty-resolver/4.1.31.Final/netty-resolver-4.1.31.Final.jar:/Users/rrajaram/.m2/repository/io/netty/netty-codec/4.1.31.Final/netty-codec-4.1.31.Final.jar:/Users/rrajaram/.m2/repository/com/google/guava/guava/19.0/guava-19.0.jar:/Users/rrajaram/.m2/repository/io/dropwizard/metrics/metrics-core/4.0.5/metrics-core-4.0.5.jar:/Users/rrajaram/.m2/repository/com/github/jnr/jnr-ffi/2.1.7/jnr-ffi-2.1.7.jar:/Users/rrajaram/.m2/repository/com/github/jnr/jffi/1.2.16/jffi-1.2.16.jar:/Users/rrajaram/.m2/repository/com/github/jnr/jffi/1.2.16/jffi-1.2.16-native.jar:/Users/rrajaram/.m2/repository/org/ow2/asm/asm-commons/5.0.3/asm-commons-5.0.3.jar:/Users/rrajaram/.m2/repository/org/ow2/asm/asm-analysis/5.0.3/asm-analysis-5.0.3.jar:/Users/rrajaram/.m2/repository/org/ow2/asm/asm-tree/5.0.3/asm-tree-5.0.3.jar:/Users/rrajaram/.m2/repository/org/ow2/asm/asm-util/5.0.3/asm-util-5.0.3.jar:/Users/rrajaram/.m2/repository/com/github/jnr/jnr-x86asm/1.0.2/jnr-x86asm-1.0.2.jar:/Users/rrajaram/.m2/repository/com/github/jnr/jnr-posix/3.0.44/jnr-posix-3.0.44.jar:/Users/rrajaram/.m2/repository/com/github/jnr/jnr-constants/0.9.9/jnr-constants-0.9.9.jar:/Users/rrajaram/.m2/repository/org/mapstruct/mapstruct-jdk8/1.2.0.Final/mapstruct-jdk8-1.2.0.Final.jar:/Users/rrajaram/.m2/repository/org/springframework/cloud/spring-cloud-stream/2.1.0.RELEASE/spring-cloud-stream-2.1.0.RELEASE.jar:/Users/rrajaram/.m2/repository/org/springframework/boot/spring-boot-starter-validation/2.1.2.RELEASE/spring-boot-starter-validation-2.1.2.RELEASE.jar:/Users/rrajaram/.m2/repository/org/springframework/spring-messaging/5.1.4.RELEASE/spring-messaging-5.1.4.RELEASE.jar:/Users/rrajaram/.m2/repository/org/springframework/integration/spring-integration-core/5.1.2.RELEASE/spring-integration-core-5.1.2.RELEASE.jar:/Users/rrajaram/.m2/repository/io/projectreactor/reactor-core/3.2.5.RELEASE/reactor-core-3.2.5.RELEASE.jar:/Users/rrajaram/.m2/repository/org/reactivestreams/reactive-streams/1.0.2/reactive-streams-1.0.2.jar:/Users/rrajaram/.m2/repository/org/springframework/integration/spring-integration-jmx/5.1.2.RELEASE/spring-integration-jmx-5.1.2.RELEASE.jar:/Users/rrajaram/.m2/repository/org/springframework/spring-tuple/1.0.0.RELEASE/spring-tuple-1.0.0.RELEASE.jar:/Users/rrajaram/.m2/repository/com/esotericsoftware/kryo-shaded/3.0.3/kryo-shaded-3.0.3.jar:/Users/rrajaram/.m2/repository/com/esotericsoftware/minlog/1.3.0/minlog-1.3.0.jar:/Users/rrajaram/.m2/repository/org/springframework/integration/spring-integration-tuple/1.0.0.RELEASE/spring-integration-tuple-1.0.0.RELEASE.jar:/Users/rrajaram/.m2/repository/org/springframework/retry/spring-retry/1.2.3.RELEASE/spring-retry-1.2.3.RELEASE.jar:/Users/rrajaram/.m2/repository/org/springframework/cloud/spring-cloud-function-context/2.0.0.RELEASE/spring-cloud-function-context-2.0.0.RELEASE.jar:/Users/rrajaram/.m2/repository/org/springframework/cloud/spring-cloud-function-core/2.0.0.RELEASE/spring-cloud-function-core-2.0.0.RELEASE.jar:/Users/rrajaram/.m2/repository/org/springframework/cloud/spring-cloud-stream-binder-kafka/2.1.0.RELEASE/spring-cloud-stream-binder-kafka-2.1.0.RELEASE.jar:/Users/rrajaram/.m2/repository/org/springframework/cloud/spring-cloud-stream-binder-kafka-core/2.1.0.RELEASE/spring-cloud-stream-binder-kafka-core-2.1.0.RELEASE.jar:/Users/rrajaram/.m2/repository/org/springframework/integration/spring-integration-kafka/3.1.0.RELEASE/spring-integration-kafka-3.1.0.RELEASE.jar:/Users/rrajaram/.m2/repository/org/apache/kafka/kafka-clients/2.0.1/kafka-clients-2.0.1.jar:/Users/rrajaram/.m2/repository/org/lz4/lz4-java/1.4.1/lz4-java-1.4.1.jar:/Users/rrajaram/.m2/repository/org/xerial/snappy/snappy-java/1.1.7.1/snappy-java-1.1.7.1.jar:/Users/rrajaram/.m2/repository/org/springframework/cloud/spring-cloud-stream-binder-kafka-streams/2.1.0.RELEASE/spring-cloud-stream-binder-kafka-streams-2.1.0.RELEASE.jar:/Users/rrajaram/.m2/repository/org/apache/kafka/kafka-streams/2.0.1/kafka-streams-2.0.1.jar:/Users/rrajaram/.m2/repository/org/apache/kafka/connect-json/2.0.1/connect-json-2.0.1.jar:/Users/rrajaram/.m2/repository/org/apache/kafka/connect-api/2.0.1/connect-api-2.0.1.jar:/Users/rrajaram/.m2/repository/javax/ws/rs/javax.ws.rs-api/2.1/javax.ws.rs-api-2.1.jar:/Users/rrajaram/.m2/repository/org/rocksdb/rocksdbjni/5.7.3/rocksdbjni-5.7.3.jar:/Users/rrajaram/.m2/repository/org/springframework/kafka/spring-kafka/2.2.3.RELEASE/spring-kafka-2.2.3.RELEASE.jar:/Users/rrajaram/.m2/repository/org/springframework/spring-context/5.1.4.RELEASE/spring-context-5.1.4.RELEASE.jar:/Users/rrajaram/.m2/repository/org/springframework/cloud/spring-cloud-stream-test-support/2.1.0.RELEASE/spring-cloud-stream-test-support-2.1.0.RELEASE.jar:/Users/rrajaram/.m2/repository/org/springframework/boot/spring-boot-autoconfigure/2.1.2.RELEASE/spring-boot-autoconfigure-2.1.2.RELEASE.jar:/Users/rrajaram/.m2/repository/org/springframework/kafka/spring-kafka-test/2.2.3.RELEASE/spring-kafka-test-2.2.3.RELEASE.jar:/Users/rrajaram/.m2/repository/org/apache/kafka/kafka-clients/2.0.1/kafka-clients-2.0.1-test.jar:/Users/rrajaram/.m2/repository/org/apache/kafka/kafka_2.11/2.0.1/kafka_2.11-2.0.1.jar:/Users/rrajaram/.m2/repository/net/sf/jopt-simple/jopt-simple/5.0.4/jopt-simple-5.0.4.jar:/Users/rrajaram/.m2/repository/com/yammer/metrics/metrics-core/2.2.0/metrics-core-2.2.0.jar:/Users/rrajaram/.m2/repository/org/scala-lang/scala-library/2.11.12/scala-library-2.11.12.jar:/Users/rrajaram/.m2/repository/org/scala-lang/scala-reflect/2.11.12/scala-reflect-2.11.12.jar:/Users/rrajaram/.m2/repository/com/typesafe/scala-logging/scala-logging_2.11/3.9.0/scala-logging_2.11-3.9.0.jar:/Users/rrajaram/.m2/repository/com/101tec/zkclient/0.10/zkclient-0.10.jar:/Users/rrajaram/.m2/repository/org/apache/zookeeper/zookeeper/3.4.13/zookeeper-3.4.13.jar:/Users/rrajaram/.m2/repository/org/apache/yetus/audience-annotations/0.5.0/audience-annotations-0.5.0.jar:/Users/rrajaram/.m2/repository/org/apache/kafka/kafka_2.11/2.0.1/kafka_2.11-2.0.1-test.jar:"/>
    <property name="java.vm.vendor" value="Oracle Corporation"/>
    <property name="sun.arch.data.model" value="64"/>
    <property name="java.vendor.url" value="http://java.oracle.com/"/>
    <property name="user.timezone" value=""/>
    <property name="java.vm.specification.version" value="1.8"/>
    <property name="os.name" value="Mac OS X"/>
    <property name="user.country" value="US"/>
    <property name="sun.java.launcher" value="SUN_STANDARD"/>
    <property name="sun.boot.library.path" value="/Library/Java/JavaVirtualMachines/jdk1.8.0_191.jdk/Contents/Home/jre/lib"/>
    <property name="sun.java.command" value="/Users/rrajaram/kafkastreamsws/demo/target/surefire/surefirebooter1610236044781405135.jar /Users/rrajaram/kafkastreamsws/demo/target/surefire 2019-01-25T16-17-47_756-jvmRun1 surefire7042295805518795448tmp surefire_02246223087321953649tmp"/>
    <property name="http.nonProxyHosts" value="local|*.local|169.254/16|*.169.254/16|pivotal.run.io|*.pivotal.run.io"/>
    <property name="surefire.test.class.path" value="/Users/rrajaram/kafkastreamsws/demo/target/test-classes:/Users/rrajaram/kafkastreamsws/demo/target/classes:/Users/rrajaram/.m2/repository/org/springframework/boot/spring-boot-starter-web/2.1.2.RELEASE/spring-boot-starter-web-2.1.2.RELEASE.jar:/Users/rrajaram/.m2/repository/org/springframework/boot/spring-boot-starter/2.1.2.RELEASE/spring-boot-starter-2.1.2.RELEASE.jar:/Users/rrajaram/.m2/repository/org/springframework/boot/spring-boot/2.1.2.RELEASE/spring-boot-2.1.2.RELEASE.jar:/Users/rrajaram/.m2/repository/org/springframework/boot/spring-boot-starter-logging/2.1.2.RELEASE/spring-boot-starter-logging-2.1.2.RELEASE.jar:/Users/rrajaram/.m2/repository/ch/qos/logback/logback-classic/1.2.3/logback-classic-1.2.3.jar:/Users/rrajaram/.m2/repository/ch/qos/logback/logback-core/1.2.3/logback-core-1.2.3.jar:/Users/rrajaram/.m2/repository/org/apache/logging/log4j/log4j-to-slf4j/2.11.1/log4j-to-slf4j-2.11.1.jar:/Users/rrajaram/.m2/repository/org/apache/logging/log4j/log4j-api/2.11.1/log4j-api-2.11.1.jar:/Users/rrajaram/.m2/repository/org/slf4j/jul-to-slf4j/1.7.25/jul-to-slf4j-1.7.25.jar:/Users/rrajaram/.m2/repository/org/yaml/snakeyaml/1.23/snakeyaml-1.23.jar:/Users/rrajaram/.m2/repository/org/springframework/boot/spring-boot-starter-json/2.1.2.RELEASE/spring-boot-starter-json-2.1.2.RELEASE.jar:/Users/rrajaram/.m2/repository/com/fasterxml/jackson/core/jackson-databind/2.9.8/jackson-databind-2.9.8.jar:/Users/rrajaram/.m2/repository/com/fasterxml/jackson/core/jackson-annotations/2.9.0/jackson-annotations-2.9.0.jar:/Users/rrajaram/.m2/repository/com/fasterxml/jackson/core/jackson-core/2.9.8/jackson-core-2.9.8.jar:/Users/rrajaram/.m2/repository/com/fasterxml/jackson/datatype/jackson-datatype-jdk8/2.9.8/jackson-datatype-jdk8-2.9.8.jar:/Users/rrajaram/.m2/repository/com/fasterxml/jackson/datatype/jackson-datatype-jsr310/2.9.8/jackson-datatype-jsr310-2.9.8.jar:/Users/rrajaram/.m2/repository/com/fasterxml/jackson/module/jackson-module-parameter-names/2.9.8/jackson-module-parameter-names-2.9.8.jar:/Users/rrajaram/.m2/repository/org/hibernate/validator/hibernate-validator/6.0.14.Final/hibernate-validator-6.0.14.Final.jar:/Users/rrajaram/.m2/repository/javax/validation/validation-api/2.0.1.Final/validation-api-2.0.1.Final.jar:/Users/rrajaram/.m2/repository/org/jboss/logging/jboss-logging/3.3.2.Final/jboss-logging-3.3.2.Final.jar:/Users/rrajaram/.m2/repository/com/fasterxml/classmate/1.4.0/classmate-1.4.0.jar:/Users/rrajaram/.m2/repository/org/springframework/spring-web/5.1.4.RELEASE/spring-web-5.1.4.RELEASE.jar:/Users/rrajaram/.m2/repository/org/springframework/spring-beans/5.1.4.RELEASE/spring-beans-5.1.4.RELEASE.jar:/Users/rrajaram/.m2/repository/org/springframework/spring-webmvc/5.1.4.RELEASE/spring-webmvc-5.1.4.RELEASE.jar:/Users/rrajaram/.m2/repository/org/springframework/spring-aop/5.1.4.RELEASE/spring-aop-5.1.4.RELEASE.jar:/Users/rrajaram/.m2/repository/org/springframework/spring-expression/5.1.4.RELEASE/spring-expression-5.1.4.RELEASE.jar:/Users/rrajaram/.m2/repository/org/springframework/boot/spring-boot-starter-tomcat/2.1.2.RELEASE/spring-boot-starter-tomcat-2.1.2.RELEASE.jar:/Users/rrajaram/.m2/repository/javax/annotation/javax.annotation-api/1.3.2/javax.annotation-api-1.3.2.jar:/Users/rrajaram/.m2/repository/org/apache/tomcat/embed/tomcat-embed-core/9.0.14/tomcat-embed-core-9.0.14.jar:/Users/rrajaram/.m2/repository/org/apache/tomcat/embed/tomcat-embed-el/9.0.14/tomcat-embed-el-9.0.14.jar:/Users/rrajaram/.m2/repository/org/apache/tomcat/embed/tomcat-embed-websocket/9.0.14/tomcat-embed-websocket-9.0.14.jar:/Users/rrajaram/.m2/repository/org/springframework/boot/spring-boot-starter-actuator/2.1.2.RELEASE/spring-boot-starter-actuator-2.1.2.RELEASE.jar:/Users/rrajaram/.m2/repository/org/springframework/boot/spring-boot-actuator-autoconfigure/2.1.2.RELEASE/spring-boot-actuator-autoconfigure-2.1.2.RELEASE.jar:/Users/rrajaram/.m2/repository/org/springframework/boot/spring-boot-actuator/2.1.2.RELEASE/spring-boot-actuator-2.1.2.RELEASE.jar:/Users/rrajaram/.m2/repository/io/micrometer/micrometer-core/1.1.2/micrometer-core-1.1.2.jar:/Users/rrajaram/.m2/repository/org/hdrhistogram/HdrHistogram/2.1.9/HdrHistogram-2.1.9.jar:/Users/rrajaram/.m2/repository/org/latencyutils/LatencyUtils/2.0.3/LatencyUtils-2.0.3.jar:/Users/rrajaram/.m2/repository/org/projectlombok/lombok/1.18.4/lombok-1.18.4.jar:/Users/rrajaram/.m2/repository/org/springframework/boot/spring-boot-starter-test/2.1.2.RELEASE/spring-boot-starter-test-2.1.2.RELEASE.jar:/Users/rrajaram/.m2/repository/org/springframework/boot/spring-boot-test/2.1.2.RELEASE/spring-boot-test-2.1.2.RELEASE.jar:/Users/rrajaram/.m2/repository/org/springframework/boot/spring-boot-test-autoconfigure/2.1.2.RELEASE/spring-boot-test-autoconfigure-2.1.2.RELEASE.jar:/Users/rrajaram/.m2/repository/com/jayway/jsonpath/json-path/2.4.0/json-path-2.4.0.jar:/Users/rrajaram/.m2/repository/net/minidev/json-smart/2.3/json-smart-2.3.jar:/Users/rrajaram/.m2/repository/net/minidev/accessors-smart/1.2/accessors-smart-1.2.jar:/Users/rrajaram/.m2/repository/org/ow2/asm/asm/5.0.4/asm-5.0.4.jar:/Users/rrajaram/.m2/repository/org/slf4j/slf4j-api/1.7.25/slf4j-api-1.7.25.jar:/Users/rrajaram/.m2/repository/junit/junit/4.12/junit-4.12.jar:/Users/rrajaram/.m2/repository/org/assertj/assertj-core/3.11.1/assertj-core-3.11.1.jar:/Users/rrajaram/.m2/repository/org/mockito/mockito-core/2.23.4/mockito-core-2.23.4.jar:/Users/rrajaram/.m2/repository/net/bytebuddy/byte-buddy/1.9.7/byte-buddy-1.9.7.jar:/Users/rrajaram/.m2/repository/net/bytebuddy/byte-buddy-agent/1.9.7/byte-buddy-agent-1.9.7.jar:/Users/rrajaram/.m2/repository/org/objenesis/objenesis/2.6/objenesis-2.6.jar:/Users/rrajaram/.m2/repository/org/hamcrest/hamcrest-core/1.3/hamcrest-core-1.3.jar:/Users/rrajaram/.m2/repository/org/hamcrest/hamcrest-library/1.3/hamcrest-library-1.3.jar:/Users/rrajaram/.m2/repository/org/skyscreamer/jsonassert/1.5.0/jsonassert-1.5.0.jar:/Users/rrajaram/.m2/repository/com/vaadin/external/google/android-json/0.0.20131108.vaadin1/android-json-0.0.20131108.vaadin1.jar:/Users/rrajaram/.m2/repository/org/springframework/spring-core/5.1.4.RELEASE/spring-core-5.1.4.RELEASE.jar:/Users/rrajaram/.m2/repository/org/springframework/spring-jcl/5.1.4.RELEASE/spring-jcl-5.1.4.RELEASE.jar:/Users/rrajaram/.m2/repository/org/springframework/spring-test/5.1.4.RELEASE/spring-test-5.1.4.RELEASE.jar:/Users/rrajaram/.m2/repository/org/xmlunit/xmlunit-core/2.6.2/xmlunit-core-2.6.2.jar:/Users/rrajaram/.m2/repository/org/springframework/boot/spring-boot-starter-data-cassandra/2.1.2.RELEASE/spring-boot-starter-data-cassandra-2.1.2.RELEASE.jar:/Users/rrajaram/.m2/repository/org/springframework/spring-tx/5.1.4.RELEASE/spring-tx-5.1.4.RELEASE.jar:/Users/rrajaram/.m2/repository/org/springframework/data/spring-data-cassandra/2.1.4.RELEASE/spring-data-cassandra-2.1.4.RELEASE.jar:/Users/rrajaram/.m2/repository/org/springframework/data/spring-data-commons/2.1.4.RELEASE/spring-data-commons-2.1.4.RELEASE.jar:/Users/rrajaram/.m2/repository/com/datastax/cassandra/cassandra-driver-core/3.6.0/cassandra-driver-core-3.6.0.jar:/Users/rrajaram/.m2/repository/io/netty/netty-handler/4.1.31.Final/netty-handler-4.1.31.Final.jar:/Users/rrajaram/.m2/repository/io/netty/netty-buffer/4.1.31.Final/netty-buffer-4.1.31.Final.jar:/Users/rrajaram/.m2/repository/io/netty/netty-common/4.1.31.Final/netty-common-4.1.31.Final.jar:/Users/rrajaram/.m2/repository/io/netty/netty-transport/4.1.31.Final/netty-transport-4.1.31.Final.jar:/Users/rrajaram/.m2/repository/io/netty/netty-resolver/4.1.31.Final/netty-resolver-4.1.31.Final.jar:/Users/rrajaram/.m2/repository/io/netty/netty-codec/4.1.31.Final/netty-codec-4.1.31.Final.jar:/Users/rrajaram/.m2/repository/com/google/guava/guava/19.0/guava-19.0.jar:/Users/rrajaram/.m2/repository/io/dropwizard/metrics/metrics-core/4.0.5/metrics-core-4.0.5.jar:/Users/rrajaram/.m2/repository/com/github/jnr/jnr-ffi/2.1.7/jnr-ffi-2.1.7.jar:/Users/rrajaram/.m2/repository/com/github/jnr/jffi/1.2.16/jffi-1.2.16.jar:/Users/rrajaram/.m2/repository/com/github/jnr/jffi/1.2.16/jffi-1.2.16-native.jar:/Users/rrajaram/.m2/repository/org/ow2/asm/asm-commons/5.0.3/asm-commons-5.0.3.jar:/Users/rrajaram/.m2/repository/org/ow2/asm/asm-analysis/5.0.3/asm-analysis-5.0.3.jar:/Users/rrajaram/.m2/repository/org/ow2/asm/asm-tree/5.0.3/asm-tree-5.0.3.jar:/Users/rrajaram/.m2/repository/org/ow2/asm/asm-util/5.0.3/asm-util-5.0.3.jar:/Users/rrajaram/.m2/repository/com/github/jnr/jnr-x86asm/1.0.2/jnr-x86asm-1.0.2.jar:/Users/rrajaram/.m2/repository/com/github/jnr/jnr-posix/3.0.44/jnr-posix-3.0.44.jar:/Users/rrajaram/.m2/repository/com/github/jnr/jnr-constants/0.9.9/jnr-constants-0.9.9.jar:/Users/rrajaram/.m2/repository/org/mapstruct/mapstruct-jdk8/1.2.0.Final/mapstruct-jdk8-1.2.0.Final.jar:/Users/rrajaram/.m2/repository/org/springframework/cloud/spring-cloud-stream/2.1.0.RELEASE/spring-cloud-stream-2.1.0.RELEASE.jar:/Users/rrajaram/.m2/repository/org/springframework/boot/spring-boot-starter-validation/2.1.2.RELEASE/spring-boot-starter-validation-2.1.2.RELEASE.jar:/Users/rrajaram/.m2/repository/org/springframework/spring-messaging/5.1.4.RELEASE/spring-messaging-5.1.4.RELEASE.jar:/Users/rrajaram/.m2/repository/org/springframework/integration/spring-integration-core/5.1.2.RELEASE/spring-integration-core-5.1.2.RELEASE.jar:/Users/rrajaram/.m2/repository/io/projectreactor/reactor-core/3.2.5.RELEASE/reactor-core-3.2.5.RELEASE.jar:/Users/rrajaram/.m2/repository/org/reactivestreams/reactive-streams/1.0.2/reactive-streams-1.0.2.jar:/Users/rrajaram/.m2/repository/org/springframework/integration/spring-integration-jmx/5.1.2.RELEASE/spring-integration-jmx-5.1.2.RELEASE.jar:/Users/rrajaram/.m2/repository/org/springframework/spring-tuple/1.0.0.RELEASE/spring-tuple-1.0.0.RELEASE.jar:/Users/rrajaram/.m2/repository/com/esotericsoftware/kryo-shaded/3.0.3/kryo-shaded-3.0.3.jar:/Users/rrajaram/.m2/repository/com/esotericsoftware/minlog/1.3.0/minlog-1.3.0.jar:/Users/rrajaram/.m2/repository/org/springframework/integration/spring-integration-tuple/1.0.0.RELEASE/spring-integration-tuple-1.0.0.RELEASE.jar:/Users/rrajaram/.m2/repository/org/springframework/retry/spring-retry/1.2.3.RELEASE/spring-retry-1.2.3.RELEASE.jar:/Users/rrajaram/.m2/repository/org/springframework/cloud/spring-cloud-function-context/2.0.0.RELEASE/spring-cloud-function-context-2.0.0.RELEASE.jar:/Users/rrajaram/.m2/repository/org/springframework/cloud/spring-cloud-function-core/2.0.0.RELEASE/spring-cloud-function-core-2.0.0.RELEASE.jar:/Users/rrajaram/.m2/repository/org/springframework/cloud/spring-cloud-stream-binder-kafka/2.1.0.RELEASE/spring-cloud-stream-binder-kafka-2.1.0.RELEASE.jar:/Users/rrajaram/.m2/repository/org/springframework/cloud/spring-cloud-stream-binder-kafka-core/2.1.0.RELEASE/spring-cloud-stream-binder-kafka-core-2.1.0.RELEASE.jar:/Users/rrajaram/.m2/repository/org/springframework/integration/spring-integration-kafka/3.1.0.RELEASE/spring-integration-kafka-3.1.0.RELEASE.jar:/Users/rrajaram/.m2/repository/org/apache/kafka/kafka-clients/2.0.1/kafka-clients-2.0.1.jar:/Users/rrajaram/.m2/repository/org/lz4/lz4-java/1.4.1/lz4-java-1.4.1.jar:/Users/rrajaram/.m2/repository/org/xerial/snappy/snappy-java/1.1.7.1/snappy-java-1.1.7.1.jar:/Users/rrajaram/.m2/repository/org/springframework/cloud/spring-cloud-stream-binder-kafka-streams/2.1.0.RELEASE/spring-cloud-stream-binder-kafka-streams-2.1.0.RELEASE.jar:/Users/rrajaram/.m2/repository/org/apache/kafka/kafka-streams/2.0.1/kafka-streams-2.0.1.jar:/Users/rrajaram/.m2/repository/org/apache/kafka/connect-json/2.0.1/connect-json-2.0.1.jar:/Users/rrajaram/.m2/repository/org/apache/kafka/connect-api/2.0.1/connect-api-2.0.1.jar:/Users/rrajaram/.m2/repository/javax/ws/rs/javax.ws.rs-api/2.1/javax.ws.rs-api-2.1.jar:/Users/rrajaram/.m2/repository/org/rocksdb/rocksdbjni/5.7.3/rocksdbjni-5.7.3.jar:/Users/rrajaram/.m2/repository/org/springframework/kafka/spring-kafka/2.2.3.RELEASE/spring-kafka-2.2.3.RELEASE.jar:/Users/rrajaram/.m2/repository/org/springframework/spring-context/5.1.4.RELEASE/spring-context-5.1.4.RELEASE.jar:/Users/rrajaram/.m2/repository/org/springframework/cloud/spring-cloud-stream-test-support/2.1.0.RELEASE/spring-cloud-stream-test-support-2.1.0.RELEASE.jar:/Users/rrajaram/.m2/repository/org/springframework/boot/spring-boot-autoconfigure/2.1.2.RELEASE/spring-boot-autoconfigure-2.1.2.RELEASE.jar:/Users/rrajaram/.m2/repository/org/springframework/kafka/spring-kafka-test/2.2.3.RELEASE/spring-kafka-test-2.2.3.RELEASE.jar:/Users/rrajaram/.m2/repository/org/apache/kafka/kafka-clients/2.0.1/kafka-clients-2.0.1-test.jar:/Users/rrajaram/.m2/repository/org/apache/kafka/kafka_2.11/2.0.1/kafka_2.11-2.0.1.jar:/Users/rrajaram/.m2/repository/net/sf/jopt-simple/jopt-simple/5.0.4/jopt-simple-5.0.4.jar:/Users/rrajaram/.m2/repository/com/yammer/metrics/metrics-core/2.2.0/metrics-core-2.2.0.jar:/Users/rrajaram/.m2/repository/org/scala-lang/scala-library/2.11.12/scala-library-2.11.12.jar:/Users/rrajaram/.m2/repository/org/scala-lang/scala-reflect/2.11.12/scala-reflect-2.11.12.jar:/Users/rrajaram/.m2/repository/com/typesafe/scala-logging/scala-logging_2.11/3.9.0/scala-logging_2.11-3.9.0.jar:/Users/rrajaram/.m2/repository/com/101tec/zkclient/0.10/zkclient-0.10.jar:/Users/rrajaram/.m2/repository/org/apache/zookeeper/zookeeper/3.4.13/zookeeper-3.4.13.jar:/Users/rrajaram/.m2/repository/org/apache/yetus/audience-annotations/0.5.0/audience-annotations-0.5.0.jar:/Users/rrajaram/.m2/repository/org/apache/kafka/kafka_2.11/2.0.1/kafka_2.11-2.0.1-test.jar:"/>
    <property name="sun.cpu.endian" value="little"/>
    <property name="user.home" value="/Users/rrajaram"/>
    <property name="user.language" value="en"/>
    <property name="java.specification.vendor" value="Oracle Corporation"/>
    <property name="java.home" value="/Library/Java/JavaVirtualMachines/jdk1.8.0_191.jdk/Contents/Home/jre"/>
    <property name="basedir" value="/Users/rrajaram/kafkastreamsws/demo"/>
    <property name="file.separator" value="/"/>
    <property name="line.separator" value="&#10;"/>
    <property name="java.vm.specification.vendor" value="Oracle Corporation"/>
    <property name="java.specification.name" value="Java Platform API Specification"/>
    <property name="java.awt.graphicsenv" value="sun.awt.CGraphicsEnvironment"/>
    <property name="surefire.real.class.path" value="/Users/rrajaram/kafkastreamsws/demo/target/surefire/surefirebooter1610236044781405135.jar"/>
    <property name="sun.boot.class.path" value="/Library/Java/JavaVirtualMachines/jdk1.8.0_191.jdk/Contents/Home/jre/lib/resources.jar:/Library/Java/JavaVirtualMachines/jdk1.8.0_191.jdk/Contents/Home/jre/lib/rt.jar:/Library/Java/JavaVirtualMachines/jdk1.8.0_191.jdk/Contents/Home/jre/lib/sunrsasign.jar:/Library/Java/JavaVirtualMachines/jdk1.8.0_191.jdk/Contents/Home/jre/lib/jsse.jar:/Library/Java/JavaVirtualMachines/jdk1.8.0_191.jdk/Contents/Home/jre/lib/jce.jar:/Library/Java/JavaVirtualMachines/jdk1.8.0_191.jdk/Contents/Home/jre/lib/charsets.jar:/Library/Java/JavaVirtualMachines/jdk1.8.0_191.jdk/Contents/Home/jre/lib/jfr.jar:/Library/Java/JavaVirtualMachines/jdk1.8.0_191.jdk/Contents/Home/jre/classes"/>
    <property name="sun.management.compiler" value="HotSpot 64-Bit Tiered Compilers"/>
    <property name="ftp.nonProxyHosts" value="local|*.local|169.254/16|*.169.254/16|pivotal.run.io|*.pivotal.run.io"/>
    <property name="java.runtime.version" value="1.8.0_191-b12"/>
    <property name="user.name" value="rrajaram"/>
    <property name="path.separator" value=":"/>
    <property name="os.version" value="10.14.1"/>
    <property name="java.endorsed.dirs" value="/Library/Java/JavaVirtualMachines/jdk1.8.0_191.jdk/Contents/Home/jre/lib/endorsed"/>
    <property name="java.runtime.name" value="Java(TM) SE Runtime Environment"/>
    <property name="file.encoding" value="UTF-8"/>
    <property name="java.vm.name" value="Java HotSpot(TM) 64-Bit Server VM"/>
    <property name="localRepository" value="/Users/rrajaram/.m2/repository"/>
    <property name="java.vendor.url.bug" value="http://bugreport.sun.com/bugreport/"/>
    <property name="java.io.tmpdir" value="/var/folders/l9/657ym7w539s1bmqwmxqk0y2r0000gn/T/"/>
    <property name="java.version" value="1.8.0_191"/>
    <property name="user.dir" value="/Users/rrajaram/kafkastreamsws/demo"/>
    <property name="os.arch" value="x86_64"/>
    <property name="java.vm.specification.name" value="Java Virtual Machine Specification"/>
    <property name="java.awt.printerjob" value="sun.lwawt.macosx.CPrinterJob"/>
    <property name="sun.os.patch.level" value="unknown"/>
    <property name="java.library.path" value="/Users/rrajaram/Library/Java/Extensions:/Library/Java/Extensions:/Network/Library/Java/Extensions:/System/Library/Java/Extensions:/usr/lib/java:."/>
    <property name="java.vm.info" value="mixed mode"/>
    <property name="java.vendor" value="Oracle Corporation"/>
    <property name="java.vm.version" value="25.191-b12"/>
    <property name="java.ext.dirs" value="/Users/rrajaram/Library/Java/Extensions:/Library/Java/JavaVirtualMachines/jdk1.8.0_191.jdk/Contents/Home/jre/lib/ext:/Library/Java/Extensions:/Network/Library/Java/Extensions:/System/Library/Java/Extensions:/usr/lib/java"/>
    <property name="sun.io.unicode.encoding" value="UnicodeBig"/>
    <property name="java.class.version" value="52.0"/>
    <property name="socksNonProxyHosts" value="local|*.local|169.254/16|*.169.254/16|pivotal.run.io|*.pivotal.run.io"/>
  </properties>
  <testcase name="contextLoads" classname="io.pivotal.pa.pks.poc.DemoApplicationTests" time="0.001">
    <error message="Failed to load ApplicationContext" type="java.lang.IllegalStateException">java.lang.IllegalStateException: Failed to load ApplicationContext
Caused by: org.springframework.beans.factory.UnsatisfiedDependencyException: Error creating bean with name 'quoteService': Unsatisfied dependency expressed through field 'quoteStream'; nested exception is org.springframework.beans.factory.NoSuchBeanDefinitionException: No qualifying bean of type 'io.pivotal.pa.pks.poc.service.QuoteStream' available: expected at least 1 bean which qualifies as autowire candidate. Dependency annotations: {@org.springframework.beans.factory.annotation.Autowired(required=true)}
Caused by: org.springframework.beans.factory.NoSuchBeanDefinitionException: No qualifying bean of type 'io.pivotal.pa.pks.poc.service.QuoteStream' available: expected at least 1 bean which qualifies as autowire candidate. Dependency annotations: {@org.springframework.beans.factory.annotation.Autowired(required=true)}
</error>
    <system-out><![CDATA[16:17:53.145 [main] DEBUG org.springframework.test.context.junit4.SpringJUnit4ClassRunner - SpringJUnit4ClassRunner constructor called with [class io.pivotal.pa.pks.poc.DemoApplicationTests]
16:17:53.151 [main] DEBUG org.springframework.test.context.BootstrapUtils - Instantiating CacheAwareContextLoaderDelegate from class [org.springframework.test.context.cache.DefaultCacheAwareContextLoaderDelegate]
16:17:53.158 [main] DEBUG org.springframework.test.context.BootstrapUtils - Instantiating BootstrapContext using constructor [public org.springframework.test.context.support.DefaultBootstrapContext(java.lang.Class,org.springframework.test.context.CacheAwareContextLoaderDelegate)]
16:17:53.175 [main] DEBUG org.springframework.test.context.BootstrapUtils - Instantiating TestContextBootstrapper for test class [io.pivotal.pa.pks.poc.DemoApplicationTests] from class [org.springframework.boot.test.context.SpringBootTestContextBootstrapper]
16:17:53.186 [main] INFO org.springframework.boot.test.context.SpringBootTestContextBootstrapper - Neither @ContextConfiguration nor @ContextHierarchy found for test class [io.pivotal.pa.pks.poc.DemoApplicationTests], using SpringBootContextLoader
16:17:53.190 [main] DEBUG org.springframework.test.context.support.AbstractContextLoader - Did not detect default resource location for test class [io.pivotal.pa.pks.poc.DemoApplicationTests]: class path resource [io/pivotal/pa/pks/poc/DemoApplicationTests-context.xml] does not exist
16:17:53.191 [main] DEBUG org.springframework.test.context.support.AbstractContextLoader - Did not detect default resource location for test class [io.pivotal.pa.pks.poc.DemoApplicationTests]: class path resource [io/pivotal/pa/pks/poc/DemoApplicationTestsContext.groovy] does not exist
16:17:53.191 [main] INFO org.springframework.test.context.support.AbstractContextLoader - Could not detect default resource locations for test class [io.pivotal.pa.pks.poc.DemoApplicationTests]: no resource found for suffixes {-context.xml, Context.groovy}.
16:17:53.192 [main] INFO org.springframework.test.context.support.AnnotationConfigContextLoaderUtils - Could not detect default configuration classes for test class [io.pivotal.pa.pks.poc.DemoApplicationTests]: DemoApplicationTests does not declare any static, non-private, non-final, nested classes annotated with @Configuration.
16:17:53.240 [main] DEBUG org.springframework.test.context.support.ActiveProfilesUtils - Could not find an 'annotation declaring class' for annotation type [org.springframework.test.context.ActiveProfiles] and class [io.pivotal.pa.pks.poc.DemoApplicationTests]
16:17:53.328 [main] DEBUG org.springframework.context.annotation.ClassPathScanningCandidateComponentProvider - Identified candidate component class: file [/Users/rrajaram/kafkastreamsws/demo/target/classes/io/pivotal/pa/pks/poc/DemoApplication.class]
16:17:53.329 [main] INFO org.springframework.boot.test.context.SpringBootTestContextBootstrapper - Found @SpringBootConfiguration io.pivotal.pa.pks.poc.DemoApplication for test class io.pivotal.pa.pks.poc.DemoApplicationTests
16:17:53.426 [main] DEBUG org.springframework.boot.test.context.SpringBootTestContextBootstrapper - @TestExecutionListeners is not present for class [io.pivotal.pa.pks.poc.DemoApplicationTests]: using defaults.
16:17:53.426 [main] INFO org.springframework.boot.test.context.SpringBootTestContextBootstrapper - Loaded default TestExecutionListener class names from location [META-INF/spring.factories]: [org.springframework.boot.test.mock.mockito.MockitoTestExecutionListener, org.springframework.boot.test.mock.mockito.ResetMocksTestExecutionListener, org.springframework.boot.test.autoconfigure.restdocs.RestDocsTestExecutionListener, org.springframework.boot.test.autoconfigure.web.client.MockRestServiceServerResetTestExecutionListener, org.springframework.boot.test.autoconfigure.web.servlet.MockMvcPrintOnlyOnFailureTestExecutionListener, org.springframework.boot.test.autoconfigure.web.servlet.WebDriverTestExecutionListener, org.springframework.test.context.web.ServletTestExecutionListener, org.springframework.test.context.support.DirtiesContextBeforeModesTestExecutionListener, org.springframework.test.context.support.DependencyInjectionTestExecutionListener, org.springframework.test.context.support.DirtiesContextTestExecutionListener, org.springframework.test.context.transaction.TransactionalTestExecutionListener, org.springframework.test.context.jdbc.SqlScriptsTestExecutionListener]
16:17:53.441 [main] INFO org.springframework.boot.test.context.SpringBootTestContextBootstrapper - Using TestExecutionListeners: [org.springframework.test.context.web.ServletTestExecutionListener@4550bb58, org.springframework.test.context.support.DirtiesContextBeforeModesTestExecutionListener@4ec4f3a0, org.springframework.boot.test.mock.mockito.MockitoTestExecutionListener@223191a6, org.springframework.boot.test.autoconfigure.SpringBootDependencyInjectionTestExecutionListener@49139829, org.springframework.test.context.support.DirtiesContextTestExecutionListener@9597028, org.springframework.test.context.transaction.TransactionalTestExecutionListener@6069db50, org.springframework.test.context.jdbc.SqlScriptsTestExecutionListener@4efbca5a, org.springframework.boot.test.mock.mockito.ResetMocksTestExecutionListener@1b7cc17c, org.springframework.boot.test.autoconfigure.restdocs.RestDocsTestExecutionListener@59662a0b, org.springframework.boot.test.autoconfigure.web.client.MockRestServiceServerResetTestExecutionListener@77fbd92c, org.springframework.boot.test.autoconfigure.web.servlet.MockMvcPrintOnlyOnFailureTestExecutionListener@67c27493, org.springframework.boot.test.autoconfigure.web.servlet.WebDriverTestExecutionListener@1a482e36]
16:17:53.442 [main] DEBUG org.springframework.test.annotation.ProfileValueUtils - Retrieved @ProfileValueSourceConfiguration [null] for test class [io.pivotal.pa.pks.poc.DemoApplicationTests]
16:17:53.443 [main] DEBUG org.springframework.test.annotation.ProfileValueUtils - Retrieved ProfileValueSource type [class org.springframework.test.annotation.SystemProfileValueSource] for class [io.pivotal.pa.pks.poc.DemoApplicationTests]
16:17:53.444 [main] DEBUG org.springframework.test.annotation.ProfileValueUtils - Retrieved @ProfileValueSourceConfiguration [null] for test class [io.pivotal.pa.pks.poc.DemoApplicationTests]
16:17:53.444 [main] DEBUG org.springframework.test.annotation.ProfileValueUtils - Retrieved ProfileValueSource type [class org.springframework.test.annotation.SystemProfileValueSource] for class [io.pivotal.pa.pks.poc.DemoApplicationTests]
16:17:53.445 [main] DEBUG org.springframework.test.annotation.ProfileValueUtils - Retrieved @ProfileValueSourceConfiguration [null] for test class [io.pivotal.pa.pks.poc.DemoApplicationTests]
16:17:53.445 [main] DEBUG org.springframework.test.annotation.ProfileValueUtils - Retrieved ProfileValueSource type [class org.springframework.test.annotation.SystemProfileValueSource] for class [io.pivotal.pa.pks.poc.DemoApplicationTests]
16:17:53.450 [main] DEBUG org.springframework.test.context.support.AbstractDirtiesContextTestExecutionListener - Before test class: context [DefaultTestContext@31304f14 testClass = DemoApplicationTests, testInstance = [null], testMethod = [null], testException = [null], mergedContextConfiguration = [WebMergedContextConfiguration@34a3d150 testClass = DemoApplicationTests, locations = '{}', classes = '{class io.pivotal.pa.pks.poc.DemoApplication}', contextInitializerClasses = '[]', activeProfiles = '{}', propertySourceLocations = '{}', propertySourceProperties = '{org.springframework.boot.test.context.SpringBootTestContextBootstrapper=true}', contextCustomizers = set[org.springframework.boot.test.context.filter.ExcludeFilterContextCustomizer@4eb7f003, org.springframework.boot.test.json.DuplicateJsonObjectContextCustomizerFactory$DuplicateJsonObjectContextCustomizer@1060b431, org.springframework.boot.test.mock.mockito.MockitoContextCustomizer@0, org.springframework.boot.test.web.client.TestRestTemplateContextCustomizer@74a10858, org.springframework.boot.test.autoconfigure.properties.PropertyMappingContextCustomizer@0, org.springframework.boot.test.autoconfigure.web.servlet.WebDriverContextCustomizerFactory$Customizer@42607a4f], resourceBasePath = 'src/main/webapp', contextLoader = 'org.springframework.boot.test.context.SpringBootContextLoader', parent = [null]], attributes = map['org.springframework.test.context.web.ServletTestExecutionListener.activateListener' -> true]], class annotated with @DirtiesContext [false] with mode [null].
16:17:53.450 [main] DEBUG org.springframework.test.annotation.ProfileValueUtils - Retrieved @ProfileValueSourceConfiguration [null] for test class [io.pivotal.pa.pks.poc.DemoApplicationTests]
16:17:53.450 [main] DEBUG org.springframework.test.annotation.ProfileValueUtils - Retrieved ProfileValueSource type [class org.springframework.test.annotation.SystemProfileValueSource] for class [io.pivotal.pa.pks.poc.DemoApplicationTests]
16:17:53.474 [main] DEBUG org.springframework.test.context.support.TestPropertySourceUtils - Adding inlined properties to environment: {spring.jmx.enabled=false, org.springframework.boot.test.context.SpringBootTestContextBootstrapper=true, server.port=-1}

  .   ____          _            __ _ _
 /\\ / ___'_ __ _ _(_)_ __  __ _ \ \ \ \
( ( )\___ | '_ | '_| | '_ \/ _` | \ \ \ \
 \\/  ___)| |_)| | | | | || (_| |  ) ) ) )
  '  |____| .__|_| |_|_| |_\__, | / / / /
 =========|_|==============|___/=/_/_/_/
 :: Spring Boot ::        (v2.1.2.RELEASE)

2019-01-25 16:18:08.679  INFO 78610 --- [           main] i.p.pa.pks.poc.DemoApplicationTests      : Starting DemoApplicationTests on Rohinis-MacBook-Pro.local with PID 78610 (started by rrajaram in /Users/rrajaram/kafkastreamsws/demo)
2019-01-25 16:18:08.681  INFO 78610 --- [           main] i.p.pa.pks.poc.DemoApplicationTests      : No active profile set, falling back to default profiles: default
2019-01-25 16:18:09.126  INFO 78610 --- [           main] .s.d.r.c.RepositoryConfigurationDelegate : Bootstrapping Spring Data repositories in DEFAULT mode.
2019-01-25 16:18:09.267  INFO 78610 --- [           main] .s.d.r.c.RepositoryConfigurationDelegate : Finished Spring Data repository scanning in 136ms. Found 1 repository interfaces.
2019-01-25 16:18:09.480  INFO 78610 --- [           main] .s.d.r.c.RepositoryConfigurationDelegate : Bootstrapping Spring Data repositories in DEFAULT mode.
2019-01-25 16:18:09.485  INFO 78610 --- [           main] .s.d.r.c.RepositoryConfigurationDelegate : Finished Spring Data repository scanning in 5ms. Found 0 repository interfaces.
2019-01-25 16:18:09.774  INFO 78610 --- [           main] faultConfiguringBeanFactoryPostProcessor : No bean named 'errorChannel' has been explicitly defined. Therefore, a default PublishSubscribeChannel will be created.
2019-01-25 16:18:09.779  INFO 78610 --- [           main] faultConfiguringBeanFactoryPostProcessor : No bean named 'taskScheduler' has been explicitly defined. Therefore, a default ThreadPoolTaskScheduler will be created.
2019-01-25 16:18:09.784  INFO 78610 --- [           main] faultConfiguringBeanFactoryPostProcessor : No bean named 'integrationHeaderChannelRegistry' has been explicitly defined. Therefore, a default DefaultHeaderChannelRegistry will be created.
2019-01-25 16:18:09.840  INFO 78610 --- [           main] trationDelegate$BeanPostProcessorChecker : Bean 'org.springframework.kafka.annotation.KafkaBootstrapConfiguration' of type [org.springframework.kafka.annotation.KafkaBootstrapConfiguration$$EnhancerBySpringCGLIB$$a3dc9880] is not eligible for getting processed by all BeanPostProcessors (for example: not eligible for auto-proxying)
2019-01-25 16:18:09.862  INFO 78610 --- [           main] trationDelegate$BeanPostProcessorChecker : Bean 'org.springframework.integration.config.IntegrationManagementConfiguration' of type [org.springframework.integration.config.IntegrationManagementConfiguration$$EnhancerBySpringCGLIB$$3b1c422c] is not eligible for getting processed by all BeanPostProcessors (for example: not eligible for auto-proxying)
2019-01-25 16:18:09.882  INFO 78610 --- [           main] trationDelegate$BeanPostProcessorChecker : Bean 'integrationDisposableAutoCreatedBeans' of type [org.springframework.integration.config.annotation.Disposables] is not eligible for getting processed by all BeanPostProcessors (for example: not eligible for auto-proxying)
2019-01-25 16:18:10.009  INFO 78610 --- [           main] i.p.pa.pks.poc.config.CassandraConfig    : Overriden Auth Provider com.datastax.driver.core.PlainTextAuthProvider@a0f53fc
2019-01-25 16:18:10.027  INFO 78610 --- [           main] com.datastax.driver.core                 : DataStax Java driver 3.6.0 for Apache Cassandra
2019-01-25 16:18:10.033  INFO 78610 --- [           main] c.d.driver.core.GuavaCompatibility       : Detected Guava >= 19 in the classpath, using modern compatibility layer
2019-01-25 16:18:10.265  INFO 78610 --- [           main] com.datastax.driver.core.ClockFactory    : Using native clock to generate timestamps.
2019-01-25 16:18:10.367  INFO 78610 --- [           main] i.p.pa.pks.poc.config.CassandraConfig    : Entity Base Packages -------------------------> io.pivotal.pa.pks.poc.domain
2019-01-25 16:18:10.483  INFO 78610 --- [           main] com.datastax.driver.core.NettyUtil       : Did not find Netty's native epoll transport in the classpath, defaulting to NIO.
2019-01-25 16:18:15.782  INFO 78610 --- [           main] c.d.d.c.p.DCAwareRoundRobinPolicy        : Using data-center name 'datacenter1' for DCAwareRoundRobinPolicy (if this is incorrect, please provide the correct datacenter name with DCAwareRoundRobinPolicy constructor)
2019-01-25 16:18:15.783  INFO 78610 --- [           main] com.datastax.driver.core.Cluster         : New Cassandra host /127.0.0.1:9042 added
2019-01-25 16:18:15.902  WARN 78610 --- [           main] o.s.w.c.s.GenericWebApplicationContext   : Exception encountered during context initialization - cancelling refresh attempt: org.springframework.beans.factory.UnsatisfiedDependencyException: Error creating bean with name 'quoteService': Unsatisfied dependency expressed through field 'quoteStream'; nested exception is org.springframework.beans.factory.NoSuchBeanDefinitionException: No qualifying bean of type 'io.pivotal.pa.pks.poc.service.QuoteStream' available: expected at least 1 bean which qualifies as autowire candidate. Dependency annotations: {@org.springframework.beans.factory.annotation.Autowired(required=true)}
2019-01-25 16:18:18.148  INFO 78610 --- [           main] ConditionEvaluationReportLoggingListener : 

Error starting ApplicationContext. To display the conditions report re-run your application with 'debug' enabled.
2019-01-25 16:18:18.303 ERROR 78610 --- [           main] o.s.b.d.LoggingFailureAnalysisReporter   : 

***************************
APPLICATION FAILED TO START
***************************

Description:

Field quoteStream in io.pivotal.pa.pks.poc.service.QuoteServiceImpl required a bean of type 'io.pivotal.pa.pks.poc.service.QuoteStream' that could not be found.

The injection point has the following annotations:
	- @org.springframework.beans.factory.annotation.Autowired(required=true)


Action:

Consider defining a bean of type 'io.pivotal.pa.pks.poc.service.QuoteStream' in your configuration.

2019-01-25 16:18:18.308 ERROR 78610 --- [           main] o.s.test.context.TestContextManager      : Caught exception while allowing TestExecutionListener [org.springframework.test.context.web.ServletTestExecutionListener@4550bb58] to prepare test instance [io.pivotal.pa.pks.poc.DemoApplicationTests@149274cb]

java.lang.IllegalStateException: Failed to load ApplicationContext
	at org.springframework.test.context.cache.DefaultCacheAwareContextLoaderDelegate.loadContext(DefaultCacheAwareContextLoaderDelegate.java:125) ~[spring-test-5.1.4.RELEASE.jar:5.1.4.RELEASE]
	at org.springframework.test.context.support.DefaultTestContext.getApplicationContext(DefaultTestContext.java:108) ~[spring-test-5.1.4.RELEASE.jar:5.1.4.RELEASE]
	at org.springframework.test.context.web.ServletTestExecutionListener.setUpRequestContextIfNecessary(ServletTestExecutionListener.java:190) ~[spring-test-5.1.4.RELEASE.jar:5.1.4.RELEASE]
	at org.springframework.test.context.web.ServletTestExecutionListener.prepareTestInstance(ServletTestExecutionListener.java:132) ~[spring-test-5.1.4.RELEASE.jar:5.1.4.RELEASE]
	at org.springframework.test.context.TestContextManager.prepareTestInstance(TestContextManager.java:246) ~[spring-test-5.1.4.RELEASE.jar:5.1.4.RELEASE]
	at org.springframework.test.context.junit4.SpringJUnit4ClassRunner.createTest(SpringJUnit4ClassRunner.java:227) [spring-test-5.1.4.RELEASE.jar:5.1.4.RELEASE]
	at org.springframework.test.context.junit4.SpringJUnit4ClassRunner$1.runReflectiveCall(SpringJUnit4ClassRunner.java:289) [spring-test-5.1.4.RELEASE.jar:5.1.4.RELEASE]
	at org.junit.internal.runners.model.ReflectiveCallable.run(ReflectiveCallable.java:12) [junit-4.12.jar:4.12]
	at org.springframework.test.context.junit4.SpringJUnit4ClassRunner.methodBlock(SpringJUnit4ClassRunner.java:291) [spring-test-5.1.4.RELEASE.jar:5.1.4.RELEASE]
	at org.springframework.test.context.junit4.SpringJUnit4ClassRunner.runChild(SpringJUnit4ClassRunner.java:246) [spring-test-5.1.4.RELEASE.jar:5.1.4.RELEASE]
	at org.springframework.test.context.junit4.SpringJUnit4ClassRunner.runChild(SpringJUnit4ClassRunner.java:97) [spring-test-5.1.4.RELEASE.jar:5.1.4.RELEASE]
	at org.junit.runners.ParentRunner$3.run(ParentRunner.java:290) [junit-4.12.jar:4.12]
	at org.junit.runners.ParentRunner$1.schedule(ParentRunner.java:71) [junit-4.12.jar:4.12]
	at org.junit.runners.ParentRunner.runChildren(ParentRunner.java:288) [junit-4.12.jar:4.12]
	at org.junit.runners.ParentRunner.access$000(ParentRunner.java:58) [junit-4.12.jar:4.12]
	at org.junit.runners.ParentRunner$2.evaluate(ParentRunner.java:268) [junit-4.12.jar:4.12]
	at org.springframework.test.context.junit4.statements.RunBeforeTestClassCallbacks.evaluate(RunBeforeTestClassCallbacks.java:61) [spring-test-5.1.4.RELEASE.jar:5.1.4.RELEASE]
	at org.springframework.test.context.junit4.statements.RunAfterTestClassCallbacks.evaluate(RunAfterTestClassCallbacks.java:70) [spring-test-5.1.4.RELEASE.jar:5.1.4.RELEASE]
	at org.junit.runners.ParentRunner.run(ParentRunner.java:363) [junit-4.12.jar:4.12]
	at org.springframework.test.context.junit4.SpringJUnit4ClassRunner.run(SpringJUnit4ClassRunner.java:190) [spring-test-5.1.4.RELEASE.jar:5.1.4.RELEASE]
	at org.apache.maven.surefire.junit4.JUnit4Provider.execute(JUnit4Provider.java:365) [surefire-junit4-2.22.1.jar:2.22.1]
	at org.apache.maven.surefire.junit4.JUnit4Provider.executeWithRerun(JUnit4Provider.java:273) [surefire-junit4-2.22.1.jar:2.22.1]
	at org.apache.maven.surefire.junit4.JUnit4Provider.executeTestSet(JUnit4Provider.java:238) [surefire-junit4-2.22.1.jar:2.22.1]
	at org.apache.maven.surefire.junit4.JUnit4Provider.invoke(JUnit4Provider.java:159) [surefire-junit4-2.22.1.jar:2.22.1]
	at org.apache.maven.surefire.booter.ForkedBooter.invokeProviderInSameClassLoader(ForkedBooter.java:384) [surefire-booter-2.22.1.jar:2.22.1]
	at org.apache.maven.surefire.booter.ForkedBooter.runSuitesInProcess(ForkedBooter.java:345) [surefire-booter-2.22.1.jar:2.22.1]
	at org.apache.maven.surefire.booter.ForkedBooter.execute(ForkedBooter.java:126) [surefire-booter-2.22.1.jar:2.22.1]
	at org.apache.maven.surefire.booter.ForkedBooter.main(ForkedBooter.java:418) [surefire-booter-2.22.1.jar:2.22.1]
Caused by: org.springframework.beans.factory.UnsatisfiedDependencyException: Error creating bean with name 'quoteService': Unsatisfied dependency expressed through field 'quoteStream'; nested exception is org.springframework.beans.factory.NoSuchBeanDefinitionException: No qualifying bean of type 'io.pivotal.pa.pks.poc.service.QuoteStream' available: expected at least 1 bean which qualifies as autowire candidate. Dependency annotations: {@org.springframework.beans.factory.annotation.Autowired(required=true)}
	at org.springframework.beans.factory.annotation.AutowiredAnnotationBeanPostProcessor$AutowiredFieldElement.inject(AutowiredAnnotationBeanPostProcessor.java:596) ~[spring-beans-5.1.4.RELEASE.jar:5.1.4.RELEASE]
	at org.springframework.beans.factory.annotation.InjectionMetadata.inject(InjectionMetadata.java:90) ~[spring-beans-5.1.4.RELEASE.jar:5.1.4.RELEASE]
	at org.springframework.beans.factory.annotation.AutowiredAnnotationBeanPostProcessor.postProcessProperties(AutowiredAnnotationBeanPostProcessor.java:374) ~[spring-beans-5.1.4.RELEASE.jar:5.1.4.RELEASE]
	at org.springframework.beans.factory.support.AbstractAutowireCapableBeanFactory.populateBean(AbstractAutowireCapableBeanFactory.java:1378) ~[spring-beans-5.1.4.RELEASE.jar:5.1.4.RELEASE]
	at org.springframework.beans.factory.support.AbstractAutowireCapableBeanFactory.doCreateBean(AbstractAutowireCapableBeanFactory.java:575) ~[spring-beans-5.1.4.RELEASE.jar:5.1.4.RELEASE]
	at org.springframework.beans.factory.support.AbstractAutowireCapableBeanFactory.createBean(AbstractAutowireCapableBeanFactory.java:498) ~[spring-beans-5.1.4.RELEASE.jar:5.1.4.RELEASE]
	at org.springframework.beans.factory.support.AbstractBeanFactory.lambda$doGetBean$0(AbstractBeanFactory.java:320) ~[spring-beans-5.1.4.RELEASE.jar:5.1.4.RELEASE]
	at org.springframework.beans.factory.support.DefaultSingletonBeanRegistry.getSingleton(DefaultSingletonBeanRegistry.java:222) ~[spring-beans-5.1.4.RELEASE.jar:5.1.4.RELEASE]
	at org.springframework.beans.factory.support.AbstractBeanFactory.doGetBean(AbstractBeanFactory.java:318) ~[spring-beans-5.1.4.RELEASE.jar:5.1.4.RELEASE]
	at org.springframework.beans.factory.support.AbstractBeanFactory.getBean(AbstractBeanFactory.java:199) ~[spring-beans-5.1.4.RELEASE.jar:5.1.4.RELEASE]
	at org.springframework.beans.factory.support.DefaultListableBeanFactory.preInstantiateSingletons(DefaultListableBeanFactory.java:846) ~[spring-beans-5.1.4.RELEASE.jar:5.1.4.RELEASE]
	at org.springframework.context.support.AbstractApplicationContext.finishBeanFactoryInitialization(AbstractApplicationContext.java:863) ~[spring-context-5.1.4.RELEASE.jar:5.1.4.RELEASE]
	at org.springframework.context.support.AbstractApplicationContext.refresh(AbstractApplicationContext.java:546) ~[spring-context-5.1.4.RELEASE.jar:5.1.4.RELEASE]
	at org.springframework.boot.SpringApplication.refresh(SpringApplication.java:775) ~[spring-boot-2.1.2.RELEASE.jar:2.1.2.RELEASE]
	at org.springframework.boot.SpringApplication.refreshContext(SpringApplication.java:397) ~[spring-boot-2.1.2.RELEASE.jar:2.1.2.RELEASE]
	at org.springframework.boot.SpringApplication.run(SpringApplication.java:316) ~[spring-boot-2.1.2.RELEASE.jar:2.1.2.RELEASE]
	at org.springframework.boot.test.context.SpringBootContextLoader.loadContext(SpringBootContextLoader.java:127) ~[spring-boot-test-2.1.2.RELEASE.jar:2.1.2.RELEASE]
	at org.springframework.test.context.cache.DefaultCacheAwareContextLoaderDelegate.loadContextInternal(DefaultCacheAwareContextLoaderDelegate.java:99) ~[spring-test-5.1.4.RELEASE.jar:5.1.4.RELEASE]
	at org.springframework.test.context.cache.DefaultCacheAwareContextLoaderDelegate.loadContext(DefaultCacheAwareContextLoaderDelegate.java:117) ~[spring-test-5.1.4.RELEASE.jar:5.1.4.RELEASE]
	... 27 common frames omitted
Caused by: org.springframework.beans.factory.NoSuchBeanDefinitionException: No qualifying bean of type 'io.pivotal.pa.pks.poc.service.QuoteStream' available: expected at least 1 bean which qualifies as autowire candidate. Dependency annotations: {@org.springframework.beans.factory.annotation.Autowired(required=true)}
	at org.springframework.beans.factory.support.DefaultListableBeanFactory.raiseNoMatchingBeanFound(DefaultListableBeanFactory.java:1651) ~[spring-beans-5.1.4.RELEASE.jar:5.1.4.RELEASE]
	at org.springframework.beans.factory.support.DefaultListableBeanFactory.doResolveDependency(DefaultListableBeanFactory.java:1210) ~[spring-beans-5.1.4.RELEASE.jar:5.1.4.RELEASE]
	at org.springframework.beans.factory.support.DefaultListableBeanFactory.resolveDependency(DefaultListableBeanFactory.java:1164) ~[spring-beans-5.1.4.RELEASE.jar:5.1.4.RELEASE]
	at org.springframework.beans.factory.annotation.AutowiredAnnotationBeanPostProcessor$AutowiredFieldElement.inject(AutowiredAnnotationBeanPostProcessor.java:593) ~[spring-beans-5.1.4.RELEASE.jar:5.1.4.RELEASE]
	... 45 common frames omitted

]]></system-out>
  </testcase>
</testsuite>